<?xml version="1.0" encoding="UTF-8"?>
<testsuite name="DeckTest" tests="8" skipped="0" failures="0" errors="0" timestamp="2019-07-08T23:16:15" hostname="Jakes-MacBook-Pro.local" time="0.016">
  <properties/>
  <testcase name="Should_ReturnCorrectSize_When_getSizeIsCalled" classname="DeckTest" time="0.001"/>
  <testcase name="Should_IncreaseSize_When_addCardIsPassedACard" classname="DeckTest" time="0.001"/>
  <testcase name="Should_BeSizeFour_When_getNewPlacedDeckIsCalled" classname="DeckTest" time="0.001"/>
  <testcase name="Should_DecreaseMainDeckSizeByFour_When_getNewPlacedDeckIsCalled" classname="DeckTest" time="0.001"/>
  <testcase name="Should_DecreaseMainDeckSizeByOne_When_drawCardIsCalled" classname="DeckTest" time="0.003"/>
  <testcase name="Should_BeSizeFiftyTwo_When_FillDeckIsCalled" classname="DeckTest" time="0.002"/>
  <testcase name="Should_DoubleSize_When_DeckIsAddedToItself" classname="DeckTest" time="0.0"/>
  <testcase name="Should_BeEqualDecks_When_splitDeckIsCalled" classname="DeckTest" time="0.002"/>
  <system-out><![CDATA[]]></system-out>
  <system-err><![CDATA[]]></system-err>
</testsuite>
